2025-02-15 17:44:27:404  [TID 10772   ][INFO      ] Default Logger initialized [dmvcframework]
2025-02-15 17:44:27:404  [TID 10772   ][WARNING   ] dotEnv: Path = C:\Users\amanc\OneDrive\Documentos\GitHub\TCC-IMPACTA\Back-end\DMVC\project\Win32\Release [dmvcframework]
2025-02-15 17:44:27:404  [TID 10772   ][WARNING   ] dotEnv: Active profile/s priority = [default,test,prod] [dmvcframework]
2025-02-15 17:44:27:405  [TID 10772   ][WARNING   ] dotEnv: Missed dotEnv file C:\Users\amanc\OneDrive\Documentos\GitHub\TCC-IMPACTA\Back-end\DMVC\project\Win32\Release\.env [dmvcframework]
2025-02-15 17:44:27:405  [TID 10772   ][WARNING   ] dotEnv: Missed dotEnv file C:\Users\amanc\OneDrive\Documentos\GitHub\TCC-IMPACTA\Back-end\DMVC\project\Win32\Release\.env.test [dmvcframework]
2025-02-15 17:44:27:405  [TID 10772   ][WARNING   ] dotEnv: Missed dotEnv file C:\Users\amanc\OneDrive\Documentos\GitHub\TCC-IMPACTA\Back-end\DMVC\project\Win32\Release\.env.prod [dmvcframework]
2025-02-15 17:45:18:023  [TID 16984   ][INFO      ] ENTER: Config default values [dmvcframework]
2025-02-15 17:45:18:023  [TID 16984   ][INFO      ] EXIT: Config default values [dmvcframework]
2025-02-15 17:45:18:023  [TID 16984   ][INFO      ] >> Custom configuration method [dmvcframework]
2025-02-15 17:45:18:024  [TID 16984   ][INFO      ] << Custom configuration method [dmvcframework]
2025-02-15 17:45:18:024  [TID 16984   ][INFO      ] ENTER: LoadSystemControllers [dmvcframework]
2025-02-15 17:45:18:024  [TID 16984   ][INFO      ] EXIT: LoadSystemControllers [dmvcframework]
2025-02-15 17:45:20:119  [TID 16984   ][ERROR     ] [EIBNativeException] [FireDAC][Phys][FB]Dynamic SQL Error
SQL error code = -206
Column unknown
C.NOMECLIENTE
At line 3, column 5 [PathInfo "POST /api/perguntar"] (Custom message: "Global Action Exception Handler") [dmvcframework]
2025-02-15 17:51:44:026  [TID 19072   ][ERROR     ] [EIBNativeException] [FireDAC][Phys][FB]Dynamic SQL Error
SQL error code = -206
Column unknown
C.NOMECLIENTE
At line 4, column 5 [PathInfo "POST /api/perguntar"] (Custom message: "Global Action Exception Handler") [dmvcframework]
2025-02-15 17:52:25:971  [TID 12212   ][INFO      ] Default Logger initialized [dmvcframework]
2025-02-15 17:52:25:971  [TID 12212   ][WARNING   ] dotEnv: Path = C:\Users\amanc\OneDrive\Documentos\GitHub\TCC-IMPACTA\Back-end\DMVC\project\Win32\Release [dmvcframework]
2025-02-15 17:52:25:971  [TID 12212   ][WARNING   ] dotEnv: Active profile/s priority = [default,test,prod] [dmvcframework]
2025-02-15 17:52:25:971  [TID 12212   ][WARNING   ] dotEnv: Missed dotEnv file C:\Users\amanc\OneDrive\Documentos\GitHub\TCC-IMPACTA\Back-end\DMVC\project\Win32\Release\.env [dmvcframework]
2025-02-15 17:52:25:971  [TID 12212   ][WARNING   ] dotEnv: Missed dotEnv file C:\Users\amanc\OneDrive\Documentos\GitHub\TCC-IMPACTA\Back-end\DMVC\project\Win32\Release\.env.test [dmvcframework]
2025-02-15 17:52:25:971  [TID 12212   ][WARNING   ] dotEnv: Missed dotEnv file C:\Users\amanc\OneDrive\Documentos\GitHub\TCC-IMPACTA\Back-end\DMVC\project\Win32\Release\.env.prod [dmvcframework]
2025-02-15 17:52:28:899  [TID 6764    ][INFO      ] ENTER: Config default values [dmvcframework]
2025-02-15 17:52:28:899  [TID 6764    ][INFO      ] EXIT: Config default values [dmvcframework]
2025-02-15 17:52:28:899  [TID 6764    ][INFO      ] >> Custom configuration method [dmvcframework]
2025-02-15 17:52:28:899  [TID 6764    ][INFO      ] << Custom configuration method [dmvcframework]
2025-02-15 17:52:28:899  [TID 6764    ][INFO      ] ENTER: LoadSystemControllers [dmvcframework]
2025-02-15 17:52:28:899  [TID 6764    ][INFO      ] EXIT: LoadSystemControllers [dmvcframework]
2025-02-15 17:52:31:068  [TID 6764    ][INFO      ] POST:/api/perguntar [0:0:0:0:0:0:0:1] -> Controller.Customer.TCustomer.CreateAPIDados - 200 OK [dmvcframework]
2025-02-15 18:19:28:201  [TID 1468    ][INFO      ] Default Logger initialized [dmvcframework]
2025-02-15 18:19:28:201  [TID 1468    ][WARNING   ] dotEnv: Path = C:\Users\amanc\OneDrive\Documentos\GitHub\TCC-IMPACTA\Back-end\DMVC\project\Win32\Release [dmvcframework]
2025-02-15 18:19:28:201  [TID 1468    ][WARNING   ] dotEnv: Active profile/s priority = [default,test,prod] [dmvcframework]
2025-02-15 18:19:28:201  [TID 1468    ][WARNING   ] dotEnv: Missed dotEnv file C:\Users\amanc\OneDrive\Documentos\GitHub\TCC-IMPACTA\Back-end\DMVC\project\Win32\Release\.env [dmvcframework]
2025-02-15 18:19:28:201  [TID 1468    ][WARNING   ] dotEnv: Missed dotEnv file C:\Users\amanc\OneDrive\Documentos\GitHub\TCC-IMPACTA\Back-end\DMVC\project\Win32\Release\.env.test [dmvcframework]
2025-02-15 18:19:28:201  [TID 1468    ][WARNING   ] dotEnv: Missed dotEnv file C:\Users\amanc\OneDrive\Documentos\GitHub\TCC-IMPACTA\Back-end\DMVC\project\Win32\Release\.env.prod [dmvcframework]
2025-02-15 18:19:30:535  [TID 624     ][INFO      ] ENTER: Config default values [dmvcframework]
2025-02-15 18:19:30:535  [TID 624     ][INFO      ] EXIT: Config default values [dmvcframework]
2025-02-15 18:19:30:535  [TID 624     ][INFO      ] >> Custom configuration method [dmvcframework]
2025-02-15 18:19:30:535  [TID 624     ][INFO      ] << Custom configuration method [dmvcframework]
2025-02-15 18:19:30:535  [TID 624     ][INFO      ] ENTER: LoadSystemControllers [dmvcframework]
2025-02-15 18:19:30:535  [TID 624     ][INFO      ] EXIT: LoadSystemControllers [dmvcframework]
2025-02-15 18:19:32:398  [TID 624     ][INFO      ] POST:/api/perguntar [0:0:0:0:0:0:0:1] -> Controller.Customer.TCustomer.CreateAPIDados - 200 OK [dmvcframework]
2025-02-19 21:55:47:001  [TID 8108    ][INFO      ] Default Logger initialized [dmvcframework]
2025-02-19 21:55:47:001  [TID 8108    ][WARNING   ] dotEnv: Path = C:\Users\amanc\OneDrive\Documentos\GitHub\TCC-IMPACTA\Back-end\DMVC\project\Win32\Release [dmvcframework]
2025-02-19 21:55:47:001  [TID 8108    ][WARNING   ] dotEnv: Active profile/s priority = [default,test,prod] [dmvcframework]
2025-02-19 21:55:47:001  [TID 8108    ][WARNING   ] dotEnv: Missed dotEnv file C:\Users\amanc\OneDrive\Documentos\GitHub\TCC-IMPACTA\Back-end\DMVC\project\Win32\Release\.env [dmvcframework]
2025-02-19 21:55:47:003  [TID 8108    ][WARNING   ] dotEnv: Missed dotEnv file C:\Users\amanc\OneDrive\Documentos\GitHub\TCC-IMPACTA\Back-end\DMVC\project\Win32\Release\.env.test [dmvcframework]
2025-02-19 21:55:47:003  [TID 8108    ][WARNING   ] dotEnv: Missed dotEnv file C:\Users\amanc\OneDrive\Documentos\GitHub\TCC-IMPACTA\Back-end\DMVC\project\Win32\Release\.env.prod [dmvcframework]
2025-04-12 14:06:11:975  [TID 15820   ][INFO      ] Default Logger initialized [dmvcframework]
2025-04-12 14:06:11:975  [TID 15820   ][WARNING   ] dotEnv: Path = C:\Users\amanc\OneDrive\Documentos\GitHub\TCC-IMPACTA\Back-end\DMVC\project\Win32\Release [dmvcframework]
2025-04-12 14:06:11:975  [TID 15820   ][WARNING   ] dotEnv: Active profile/s priority = [default,test,prod] [dmvcframework]
2025-04-12 14:06:11:975  [TID 15820   ][WARNING   ] dotEnv: Missed dotEnv file C:\Users\amanc\OneDrive\Documentos\GitHub\TCC-IMPACTA\Back-end\DMVC\project\Win32\Release\.env [dmvcframework]
2025-04-12 14:06:11:975  [TID 15820   ][WARNING   ] dotEnv: Missed dotEnv file C:\Users\amanc\OneDrive\Documentos\GitHub\TCC-IMPACTA\Back-end\DMVC\project\Win32\Release\.env.test [dmvcframework]
2025-04-12 14:06:11:975  [TID 15820   ][WARNING   ] dotEnv: Missed dotEnv file C:\Users\amanc\OneDrive\Documentos\GitHub\TCC-IMPACTA\Back-end\DMVC\project\Win32\Release\.env.prod [dmvcframework]
2025-04-12 14:08:58:598  [TID 3912    ][INFO      ] Default Logger initialized [dmvcframework]
2025-04-12 14:08:58:598  [TID 3912    ][WARNING   ] dotEnv: Path = C:\Users\amanc\OneDrive\Documentos\GitHub\TCC-IMPACTA\Back-end\DMVC\project\Win32\Release [dmvcframework]
2025-04-12 14:08:58:598  [TID 3912    ][WARNING   ] dotEnv: Active profile/s priority = [default,test,prod] [dmvcframework]
2025-04-12 14:08:58:598  [TID 3912    ][WARNING   ] dotEnv: Missed dotEnv file C:\Users\amanc\OneDrive\Documentos\GitHub\TCC-IMPACTA\Back-end\DMVC\project\Win32\Release\.env [dmvcframework]
2025-04-12 14:08:58:598  [TID 3912    ][WARNING   ] dotEnv: Missed dotEnv file C:\Users\amanc\OneDrive\Documentos\GitHub\TCC-IMPACTA\Back-end\DMVC\project\Win32\Release\.env.test [dmvcframework]
2025-04-12 14:08:58:598  [TID 3912    ][WARNING   ] dotEnv: Missed dotEnv file C:\Users\amanc\OneDrive\Documentos\GitHub\TCC-IMPACTA\Back-end\DMVC\project\Win32\Release\.env.prod [dmvcframework]
2025-04-12 19:46:02:651  [TID 5804    ][INFO      ] Default Logger initialized [dmvcframework]
2025-04-12 19:46:02:653  [TID 5804    ][WARNING   ] dotEnv: Path = C:\Users\amanc\OneDrive\Documentos\GitHub\TCC-IMPACTA\Back-end\DMVC\project\Win32\Release [dmvcframework]
2025-04-12 19:46:02:653  [TID 5804    ][WARNING   ] dotEnv: Active profile/s priority = [default,test,prod] [dmvcframework]
2025-04-12 19:46:02:653  [TID 5804    ][WARNING   ] dotEnv: Missed dotEnv file C:\Users\amanc\OneDrive\Documentos\GitHub\TCC-IMPACTA\Back-end\DMVC\project\Win32\Release\.env [dmvcframework]
2025-04-12 19:46:02:655  [TID 5804    ][WARNING   ] dotEnv: Missed dotEnv file C:\Users\amanc\OneDrive\Documentos\GitHub\TCC-IMPACTA\Back-end\DMVC\project\Win32\Release\.env.test [dmvcframework]
2025-04-12 19:46:02:655  [TID 5804    ][WARNING   ] dotEnv: Missed dotEnv file C:\Users\amanc\OneDrive\Documentos\GitHub\TCC-IMPACTA\Back-end\DMVC\project\Win32\Release\.env.prod [dmvcframework]
2025-04-12 19:46:08:650  [TID 12860   ][INFO      ] ENTER: Config default values [dmvcframework]
2025-04-12 19:46:08:650  [TID 12860   ][INFO      ] EXIT: Config default values [dmvcframework]
2025-04-12 19:46:08:650  [TID 12860   ][INFO      ] >> Custom configuration method [dmvcframework]
2025-04-12 19:46:08:650  [TID 12860   ][INFO      ] << Custom configuration method [dmvcframework]
2025-04-12 19:46:08:650  [TID 12860   ][INFO      ] ENTER: LoadSystemControllers [dmvcframework]
2025-04-12 19:46:08:650  [TID 12860   ][INFO      ] EXIT: LoadSystemControllers [dmvcframework]
2025-04-12 19:46:08:650  [TID 12860   ][INFO      ] OPTIONS:/api/perguntar [127.0.0.1] -> {NOT FOUND} - 404 Not Found [dmvcframework]
2025-04-12 19:46:11:764  [TID 12860   ][ERROR     ] [EMVCException] Not Found [PathInfo "OPTIONS /api/perguntar"] (Custom message: "OPTIONS /api/perguntar") [dmvcframework]
2025-04-12 19:47:55:415  [TID 8764    ][INFO      ] Default Logger initialized [dmvcframework]
2025-04-12 19:47:55:418  [TID 8764    ][WARNING   ] dotEnv: Path = C:\Users\amanc\OneDrive\Documentos\GitHub\TCC-IMPACTA\Back-end\DMVC\project\Win32\Release [dmvcframework]
2025-04-12 19:47:55:418  [TID 8764    ][WARNING   ] dotEnv: Active profile/s priority = [default,test,prod] [dmvcframework]
2025-04-12 19:47:55:418  [TID 8764    ][WARNING   ] dotEnv: Missed dotEnv file C:\Users\amanc\OneDrive\Documentos\GitHub\TCC-IMPACTA\Back-end\DMVC\project\Win32\Release\.env [dmvcframework]
2025-04-12 19:47:55:418  [TID 8764    ][WARNING   ] dotEnv: Missed dotEnv file C:\Users\amanc\OneDrive\Documentos\GitHub\TCC-IMPACTA\Back-end\DMVC\project\Win32\Release\.env.test [dmvcframework]
2025-04-12 19:47:55:418  [TID 8764    ][WARNING   ] dotEnv: Missed dotEnv file C:\Users\amanc\OneDrive\Documentos\GitHub\TCC-IMPACTA\Back-end\DMVC\project\Win32\Release\.env.prod [dmvcframework]
2025-04-12 19:48:20:694  [TID 11292   ][INFO      ] ENTER: Config default values [dmvcframework]
2025-04-12 19:48:20:694  [TID 11292   ][INFO      ] EXIT: Config default values [dmvcframework]
2025-04-12 19:48:20:694  [TID 11292   ][INFO      ] >> Custom configuration method [dmvcframework]
2025-04-12 19:48:20:694  [TID 11292   ][INFO      ] << Custom configuration method [dmvcframework]
2025-04-12 19:48:20:694  [TID 11292   ][INFO      ] ENTER: LoadSystemControllers [dmvcframework]
2025-04-12 19:48:20:694  [TID 11292   ][INFO      ] EXIT: LoadSystemControllers [dmvcframework]
2025-04-12 19:48:54:244  [TID 11448   ][INFO      ] Default Logger initialized [dmvcframework]
2025-04-12 19:48:54:244  [TID 11448   ][WARNING   ] dotEnv: Path = C:\Users\amanc\OneDrive\Documentos\GitHub\TCC-IMPACTA\Back-end\DMVC\project\Win32\Release [dmvcframework]
2025-04-12 19:48:54:244  [TID 11448   ][WARNING   ] dotEnv: Active profile/s priority = [default,test,prod] [dmvcframework]
2025-04-12 19:48:54:244  [TID 11448   ][WARNING   ] dotEnv: Missed dotEnv file C:\Users\amanc\OneDrive\Documentos\GitHub\TCC-IMPACTA\Back-end\DMVC\project\Win32\Release\.env [dmvcframework]
2025-04-12 19:48:54:244  [TID 11448   ][WARNING   ] dotEnv: Missed dotEnv file C:\Users\amanc\OneDrive\Documentos\GitHub\TCC-IMPACTA\Back-end\DMVC\project\Win32\Release\.env.test [dmvcframework]
2025-04-12 19:48:54:244  [TID 11448   ][WARNING   ] dotEnv: Missed dotEnv file C:\Users\amanc\OneDrive\Documentos\GitHub\TCC-IMPACTA\Back-end\DMVC\project\Win32\Release\.env.prod [dmvcframework]
2025-04-12 19:49:01:857  [TID 5668    ][INFO      ] ENTER: Config default values [dmvcframework]
2025-04-12 19:49:01:857  [TID 5668    ][INFO      ] EXIT: Config default values [dmvcframework]
2025-04-12 19:49:01:857  [TID 5668    ][INFO      ] >> Custom configuration method [dmvcframework]
2025-04-12 19:49:01:857  [TID 5668    ][INFO      ] << Custom configuration method [dmvcframework]
2025-04-12 19:49:01:857  [TID 5668    ][INFO      ] ENTER: LoadSystemControllers [dmvcframework]
2025-04-12 19:49:01:857  [TID 5668    ][INFO      ] EXIT: LoadSystemControllers [dmvcframework]
2025-04-12 19:49:01:857  [TID 5668    ][INFO      ] OPTIONS:/api/perguntar [0:0:0:0:0:0:0:1] -> {NOT FOUND} - 404 Not Found [dmvcframework]
2025-04-12 19:49:58:291  [TID 5668    ][ERROR     ] [EMVCException] Not Found [PathInfo "OPTIONS /api/perguntar"] (Custom message: "OPTIONS /api/perguntar") [dmvcframework]
2025-04-12 19:50:30:915  [TID 7840    ][INFO      ] GET:/api/perguntar [127.0.0.1] -> {NOT FOUND} - 404 Not Found [dmvcframework]
2025-04-12 19:50:34:982  [TID 7840    ][ERROR     ] [EMVCException] Not Found [PathInfo "GET /api/perguntar"] (Custom message: "GET /api/perguntar") [dmvcframework]
2025-04-12 19:50:35:051  [TID 14944   ][INFO      ] GET:/favicon.ico [127.0.0.1] -> {NOT FOUND} - 404 Not Found [dmvcframework]
2025-04-12 19:50:41:072  [TID 14944   ][ERROR     ] [EMVCException] Not Found [PathInfo "GET /favicon.ico"] (Custom message: "GET /favicon.ico") [dmvcframework]
2025-04-12 19:50:52:806  [TID 4408    ][INFO      ] POST:/api/perguntar [0:0:0:0:0:0:0:1] -> Controller.Customer.TCustomer.CreateAPIDados - 200 OK [dmvcframework]
2025-04-12 20:06:37:823  [TID 2788    ][INFO      ] OPTIONS:/api/perguntar [0:0:0:0:0:0:0:1] -> {NOT FOUND} - 404 Not Found [dmvcframework]
2025-04-12 20:06:40:316  [TID 2788    ][ERROR     ] [EMVCException] Not Found [PathInfo "OPTIONS /api/perguntar"] (Custom message: "OPTIONS /api/perguntar") [dmvcframework]
2025-04-12 20:07:54:235  [TID 10276   ][INFO      ] OPTIONS:/api/perguntar [0:0:0:0:0:0:0:1] -> {NOT FOUND} - 404 Not Found [dmvcframework]
2025-04-12 20:07:55:792  [TID 10276   ][ERROR     ] [EMVCException] Not Found [PathInfo "OPTIONS /api/perguntar"] (Custom message: "OPTIONS /api/perguntar") [dmvcframework]
2025-04-12 20:13:32:179  [TID 16220   ][INFO      ] OPTIONS:/api/perguntar [0:0:0:0:0:0:0:1] -> {NOT FOUND} - 404 Not Found [dmvcframework]
2025-04-12 20:13:33:832  [TID 16220   ][ERROR     ] [EMVCException] Not Found [PathInfo "OPTIONS /api/perguntar"] (Custom message: "OPTIONS /api/perguntar") [dmvcframework]
2025-04-12 20:22:27:515  [TID 11484   ][INFO      ] Default Logger initialized [dmvcframework]
2025-04-12 20:22:27:515  [TID 11484   ][WARNING   ] dotEnv: Path = C:\Users\amanc\OneDrive\Documentos\GitHub\TCC-IMPACTA\Back-end\DMVC\project\Win32\Release [dmvcframework]
2025-04-12 20:22:27:516  [TID 11484   ][WARNING   ] dotEnv: Active profile/s priority = [default,test,prod] [dmvcframework]
2025-04-12 20:22:27:516  [TID 11484   ][WARNING   ] dotEnv: Missed dotEnv file C:\Users\amanc\OneDrive\Documentos\GitHub\TCC-IMPACTA\Back-end\DMVC\project\Win32\Release\.env [dmvcframework]
2025-04-12 20:22:27:522  [TID 11484   ][WARNING   ] dotEnv: Missed dotEnv file C:\Users\amanc\OneDrive\Documentos\GitHub\TCC-IMPACTA\Back-end\DMVC\project\Win32\Release\.env.test [dmvcframework]
2025-04-12 20:22:27:522  [TID 11484   ][WARNING   ] dotEnv: Missed dotEnv file C:\Users\amanc\OneDrive\Documentos\GitHub\TCC-IMPACTA\Back-end\DMVC\project\Win32\Release\.env.prod [dmvcframework]
2025-04-12 20:22:45:443  [TID 1576    ][INFO      ] ENTER: Config default values [dmvcframework]
2025-04-12 20:22:45:443  [TID 1576    ][INFO      ] EXIT: Config default values [dmvcframework]
2025-04-12 20:22:45:443  [TID 1576    ][INFO      ] >> Custom configuration method [dmvcframework]
2025-04-12 20:22:45:443  [TID 1576    ][INFO      ] << Custom configuration method [dmvcframework]
2025-04-12 20:22:45:444  [TID 1576    ][INFO      ] ENTER: LoadSystemControllers [dmvcframework]
2025-04-12 20:22:45:444  [TID 1576    ][INFO      ] EXIT: LoadSystemControllers [dmvcframework]
2025-04-12 20:23:57:831  [TID 3268    ][INFO      ] Default Logger initialized [dmvcframework]
2025-04-12 20:23:57:832  [TID 3268    ][WARNING   ] dotEnv: Path = C:\Users\amanc\OneDrive\Documentos\GitHub\TCC-IMPACTA\Back-end\DMVC\project\Win32\Release [dmvcframework]
2025-04-12 20:23:57:832  [TID 3268    ][WARNING   ] dotEnv: Active profile/s priority = [default,test,prod] [dmvcframework]
2025-04-12 20:23:57:834  [TID 3268    ][WARNING   ] dotEnv: Missed dotEnv file C:\Users\amanc\OneDrive\Documentos\GitHub\TCC-IMPACTA\Back-end\DMVC\project\Win32\Release\.env [dmvcframework]
2025-04-12 20:23:57:843  [TID 3268    ][WARNING   ] dotEnv: Missed dotEnv file C:\Users\amanc\OneDrive\Documentos\GitHub\TCC-IMPACTA\Back-end\DMVC\project\Win32\Release\.env.test [dmvcframework]
2025-04-12 20:23:57:843  [TID 3268    ][WARNING   ] dotEnv: Missed dotEnv file C:\Users\amanc\OneDrive\Documentos\GitHub\TCC-IMPACTA\Back-end\DMVC\project\Win32\Release\.env.prod [dmvcframework]
2025-04-12 20:24:03:702  [TID 8852    ][INFO      ] ENTER: Config default values [dmvcframework]
2025-04-12 20:24:03:702  [TID 8852    ][INFO      ] EXIT: Config default values [dmvcframework]
2025-04-12 20:24:03:702  [TID 8852    ][INFO      ] >> Custom configuration method [dmvcframework]
2025-04-12 20:24:03:702  [TID 8852    ][INFO      ] << Custom configuration method [dmvcframework]
2025-04-12 20:24:03:704  [TID 8852    ][INFO      ] ENTER: LoadSystemControllers [dmvcframework]
2025-04-12 20:24:03:705  [TID 8852    ][INFO      ] EXIT: LoadSystemControllers [dmvcframework]
2025-04-12 20:59:20:718  [TID 16352   ][INFO      ] Default Logger initialized [dmvcframework]
2025-04-12 20:59:20:718  [TID 16352   ][WARNING   ] dotEnv: Path = C:\Users\amanc\OneDrive\Documentos\GitHub\TCC-IMPACTA\Back-end\DMVC\project\Win32\Release [dmvcframework]
2025-04-12 20:59:20:718  [TID 16352   ][WARNING   ] dotEnv: Active profile/s priority = [default,test,prod] [dmvcframework]
2025-04-12 20:59:20:718  [TID 16352   ][WARNING   ] dotEnv: Missed dotEnv file C:\Users\amanc\OneDrive\Documentos\GitHub\TCC-IMPACTA\Back-end\DMVC\project\Win32\Release\.env [dmvcframework]
2025-04-12 20:59:20:718  [TID 16352   ][WARNING   ] dotEnv: Missed dotEnv file C:\Users\amanc\OneDrive\Documentos\GitHub\TCC-IMPACTA\Back-end\DMVC\project\Win32\Release\.env.test [dmvcframework]
2025-04-12 20:59:20:718  [TID 16352   ][WARNING   ] dotEnv: Missed dotEnv file C:\Users\amanc\OneDrive\Documentos\GitHub\TCC-IMPACTA\Back-end\DMVC\project\Win32\Release\.env.prod [dmvcframework]
2025-04-12 20:59:36:411  [TID 11220   ][INFO      ] ENTER: Config default values [dmvcframework]
2025-04-12 20:59:36:411  [TID 11220   ][INFO      ] EXIT: Config default values [dmvcframework]
2025-04-12 20:59:36:411  [TID 11220   ][INFO      ] >> Custom configuration method [dmvcframework]
2025-04-12 20:59:36:411  [TID 11220   ][INFO      ] << Custom configuration method [dmvcframework]
2025-04-12 20:59:36:411  [TID 11220   ][INFO      ] ENTER: LoadSystemControllers [dmvcframework]
2025-04-12 20:59:36:411  [TID 11220   ][INFO      ] EXIT: LoadSystemControllers [dmvcframework]
2025-04-12 20:59:38:507  [TID 11220   ][INFO      ] POST:/api/perguntar [0:0:0:0:0:0:0:1] -> Controller.Customer.TCustomer.CreateAPIDados - 200 OK [dmvcframework]
2025-04-12 21:01:54:761  [TID 6916    ][INFO      ] Default Logger initialized [dmvcframework]
2025-04-12 21:01:54:761  [TID 6916    ][WARNING   ] dotEnv: Path = C:\Users\amanc\OneDrive\Documentos\GitHub\TCC-IMPACTA\Back-end\DMVC\project\Win32\Release [dmvcframework]
2025-04-12 21:01:54:761  [TID 6916    ][WARNING   ] dotEnv: Active profile/s priority = [default,test,prod] [dmvcframework]
2025-04-12 21:01:54:761  [TID 6916    ][WARNING   ] dotEnv: Missed dotEnv file C:\Users\amanc\OneDrive\Documentos\GitHub\TCC-IMPACTA\Back-end\DMVC\project\Win32\Release\.env [dmvcframework]
2025-04-12 21:01:54:761  [TID 6916    ][WARNING   ] dotEnv: Missed dotEnv file C:\Users\amanc\OneDrive\Documentos\GitHub\TCC-IMPACTA\Back-end\DMVC\project\Win32\Release\.env.test [dmvcframework]
2025-04-12 21:01:54:761  [TID 6916    ][WARNING   ] dotEnv: Missed dotEnv file C:\Users\amanc\OneDrive\Documentos\GitHub\TCC-IMPACTA\Back-end\DMVC\project\Win32\Release\.env.prod [dmvcframework]
2025-04-12 21:02:02:678  [TID 15700   ][INFO      ] ENTER: Config default values [dmvcframework]
2025-04-12 21:02:02:678  [TID 15700   ][INFO      ] EXIT: Config default values [dmvcframework]
2025-04-12 21:02:02:678  [TID 15700   ][INFO      ] >> Custom configuration method [dmvcframework]
2025-04-12 21:02:02:678  [TID 15700   ][INFO      ] << Custom configuration method [dmvcframework]
2025-04-12 21:02:02:678  [TID 15700   ][INFO      ] ENTER: LoadSystemControllers [dmvcframework]
2025-04-12 21:02:02:678  [TID 15700   ][INFO      ] EXIT: LoadSystemControllers [dmvcframework]
2025-04-12 21:02:03:962  [TID 15700   ][INFO      ] POST:/api/perguntar [0:0:0:0:0:0:0:1] -> Controller.Customer.TCustomer.CreateAPIDados - 200 OK [dmvcframework]
2025-04-12 21:02:36:966  [TID 10020   ][INFO      ] Default Logger initialized [dmvcframework]
2025-04-12 21:02:36:970  [TID 10020   ][WARNING   ] dotEnv: Path = C:\Users\amanc\OneDrive\Documentos\GitHub\TCC-IMPACTA\Back-end\DMVC\project\Win32\Release [dmvcframework]
2025-04-12 21:02:36:970  [TID 10020   ][WARNING   ] dotEnv: Active profile/s priority = [default,test,prod] [dmvcframework]
2025-04-12 21:02:36:970  [TID 10020   ][WARNING   ] dotEnv: Missed dotEnv file C:\Users\amanc\OneDrive\Documentos\GitHub\TCC-IMPACTA\Back-end\DMVC\project\Win32\Release\.env [dmvcframework]
2025-04-12 21:02:36:970  [TID 10020   ][WARNING   ] dotEnv: Missed dotEnv file C:\Users\amanc\OneDrive\Documentos\GitHub\TCC-IMPACTA\Back-end\DMVC\project\Win32\Release\.env.test [dmvcframework]
2025-04-12 21:02:36:975  [TID 10020   ][WARNING   ] dotEnv: Missed dotEnv file C:\Users\amanc\OneDrive\Documentos\GitHub\TCC-IMPACTA\Back-end\DMVC\project\Win32\Release\.env.prod [dmvcframework]
2025-04-12 21:02:41:115  [TID 9828    ][INFO      ] ENTER: Config default values [dmvcframework]
2025-04-12 21:02:41:115  [TID 9828    ][INFO      ] EXIT: Config default values [dmvcframework]
2025-04-12 21:02:41:115  [TID 9828    ][INFO      ] >> Custom configuration method [dmvcframework]
2025-04-12 21:02:41:115  [TID 9828    ][INFO      ] << Custom configuration method [dmvcframework]
2025-04-12 21:02:41:115  [TID 9828    ][INFO      ] ENTER: LoadSystemControllers [dmvcframework]
2025-04-12 21:02:41:115  [TID 9828    ][INFO      ] EXIT: LoadSystemControllers [dmvcframework]
2025-04-12 21:07:26:506  [TID 8552    ][INFO      ] Default Logger initialized [dmvcframework]
2025-04-12 21:07:26:508  [TID 8552    ][WARNING   ] dotEnv: Path = C:\Users\amanc\OneDrive\Documentos\GitHub\TCC-IMPACTA\Back-end\DMVC\project\Win32\Release [dmvcframework]
2025-04-12 21:07:26:508  [TID 8552    ][WARNING   ] dotEnv: Active profile/s priority = [default,test,prod] [dmvcframework]
2025-04-12 21:07:26:508  [TID 8552    ][WARNING   ] dotEnv: Missed dotEnv file C:\Users\amanc\OneDrive\Documentos\GitHub\TCC-IMPACTA\Back-end\DMVC\project\Win32\Release\.env [dmvcframework]
2025-04-12 21:07:26:509  [TID 8552    ][WARNING   ] dotEnv: Missed dotEnv file C:\Users\amanc\OneDrive\Documentos\GitHub\TCC-IMPACTA\Back-end\DMVC\project\Win32\Release\.env.test [dmvcframework]
2025-04-12 21:07:26:509  [TID 8552    ][WARNING   ] dotEnv: Missed dotEnv file C:\Users\amanc\OneDrive\Documentos\GitHub\TCC-IMPACTA\Back-end\DMVC\project\Win32\Release\.env.prod [dmvcframework]
2025-04-12 21:07:31:879  [TID 7864    ][INFO      ] ENTER: Config default values [dmvcframework]
2025-04-12 21:07:31:879  [TID 7864    ][INFO      ] EXIT: Config default values [dmvcframework]
2025-04-12 21:07:31:879  [TID 7864    ][INFO      ] >> Custom configuration method [dmvcframework]
2025-04-12 21:07:31:879  [TID 7864    ][INFO      ] << Custom configuration method [dmvcframework]
2025-04-12 21:07:31:879  [TID 7864    ][INFO      ] ENTER: LoadSystemControllers [dmvcframework]
2025-04-12 21:07:31:879  [TID 7864    ][INFO      ] EXIT: LoadSystemControllers [dmvcframework]
2025-04-12 21:07:33:372  [TID 7864    ][INFO      ] POST:/api/perguntar [0:0:0:0:0:0:0:1] -> Controller.Customer.TCustomer.CreateAPIDados - 200 OK [dmvcframework]
2025-04-12 21:07:43:606  [TID 7864    ][INFO      ] POST:/api/perguntar [0:0:0:0:0:0:0:1] -> Controller.Customer.TCustomer.CreateAPIDados - 200 OK [dmvcframework]
2025-04-12 21:10:26:741  [TID 13260   ][INFO      ] Default Logger initialized [dmvcframework]
2025-04-12 21:10:26:743  [TID 13260   ][WARNING   ] dotEnv: Path = C:\Users\amanc\OneDrive\Documentos\GitHub\TCC-IMPACTA\Back-end\DMVC\project\Win32\Release [dmvcframework]
2025-04-12 21:10:26:743  [TID 13260   ][WARNING   ] dotEnv: Active profile/s priority = [default,test,prod] [dmvcframework]
2025-04-12 21:10:26:743  [TID 13260   ][WARNING   ] dotEnv: Missed dotEnv file C:\Users\amanc\OneDrive\Documentos\GitHub\TCC-IMPACTA\Back-end\DMVC\project\Win32\Release\.env [dmvcframework]
2025-04-12 21:10:26:743  [TID 13260   ][WARNING   ] dotEnv: Missed dotEnv file C:\Users\amanc\OneDrive\Documentos\GitHub\TCC-IMPACTA\Back-end\DMVC\project\Win32\Release\.env.test [dmvcframework]
2025-04-12 21:10:26:743  [TID 13260   ][WARNING   ] dotEnv: Missed dotEnv file C:\Users\amanc\OneDrive\Documentos\GitHub\TCC-IMPACTA\Back-end\DMVC\project\Win32\Release\.env.prod [dmvcframework]
2025-04-12 21:10:31:349  [TID 8540    ][INFO      ] ENTER: Config default values [dmvcframework]
2025-04-12 21:10:31:349  [TID 8540    ][INFO      ] EXIT: Config default values [dmvcframework]
2025-04-12 21:10:31:349  [TID 8540    ][INFO      ] >> Custom configuration method [dmvcframework]
2025-04-12 21:10:31:349  [TID 8540    ][INFO      ] << Custom configuration method [dmvcframework]
2025-04-12 21:10:31:349  [TID 8540    ][INFO      ] ENTER: LoadSystemControllers [dmvcframework]
2025-04-12 21:10:31:349  [TID 8540    ][INFO      ] EXIT: LoadSystemControllers [dmvcframework]
2025-04-12 21:10:33:238  [TID 8540    ][INFO      ] POST:/api/perguntar [0:0:0:0:0:0:0:1] -> Controller.Customer.TCustomer.CreateAPIDados - 200 OK [dmvcframework]
2025-04-12 21:10:43:089  [TID 8540    ][INFO      ] POST:/api/perguntar [0:0:0:0:0:0:0:1] -> Controller.Customer.TCustomer.CreateAPIDados - 200 OK [dmvcframework]
2025-04-12 21:25:32:751  [TID 7380    ][INFO      ] Default Logger initialized [dmvcframework]
2025-04-12 21:25:32:751  [TID 7380    ][WARNING   ] dotEnv: Path = C:\Users\amanc\OneDrive\Documentos\GitHub\TCC-IMPACTA\Back-end\DMVC\project\Win32\Release [dmvcframework]
2025-04-12 21:25:32:751  [TID 7380    ][WARNING   ] dotEnv: Active profile/s priority = [default,test,prod] [dmvcframework]
2025-04-12 21:25:32:751  [TID 7380    ][WARNING   ] dotEnv: Missed dotEnv file C:\Users\amanc\OneDrive\Documentos\GitHub\TCC-IMPACTA\Back-end\DMVC\project\Win32\Release\.env [dmvcframework]
2025-04-12 21:25:32:751  [TID 7380    ][WARNING   ] dotEnv: Missed dotEnv file C:\Users\amanc\OneDrive\Documentos\GitHub\TCC-IMPACTA\Back-end\DMVC\project\Win32\Release\.env.test [dmvcframework]
2025-04-12 21:25:32:751  [TID 7380    ][WARNING   ] dotEnv: Missed dotEnv file C:\Users\amanc\OneDrive\Documentos\GitHub\TCC-IMPACTA\Back-end\DMVC\project\Win32\Release\.env.prod [dmvcframework]
2025-04-12 21:25:38:192  [TID 10660   ][INFO      ] ENTER: Config default values [dmvcframework]
2025-04-12 21:25:38:192  [TID 10660   ][INFO      ] EXIT: Config default values [dmvcframework]
2025-04-12 21:25:38:192  [TID 10660   ][INFO      ] >> Custom configuration method [dmvcframework]
2025-04-12 21:25:38:192  [TID 10660   ][INFO      ] << Custom configuration method [dmvcframework]
2025-04-12 21:25:38:192  [TID 10660   ][INFO      ] ENTER: LoadSystemControllers [dmvcframework]
2025-04-12 21:25:38:192  [TID 10660   ][INFO      ] EXIT: LoadSystemControllers [dmvcframework]
2025-04-12 21:25:40:104  [TID 10660   ][INFO      ] POST:/api/perguntar [127.0.0.1] -> Controller.Customer.TCustomer.CreateAPIDados - 200 OK [dmvcframework]
2025-04-12 21:26:55:652  [TID 1524    ][INFO      ] Default Logger initialized [dmvcframework]
2025-04-12 21:26:55:652  [TID 1524    ][WARNING   ] dotEnv: Path = C:\Users\amanc\OneDrive\Documentos\GitHub\TCC-IMPACTA\Back-end\DMVC\project\Win32\Release [dmvcframework]
2025-04-12 21:26:55:652  [TID 1524    ][WARNING   ] dotEnv: Active profile/s priority = [default,test,prod] [dmvcframework]
2025-04-12 21:26:55:652  [TID 1524    ][WARNING   ] dotEnv: Missed dotEnv file C:\Users\amanc\OneDrive\Documentos\GitHub\TCC-IMPACTA\Back-end\DMVC\project\Win32\Release\.env [dmvcframework]
2025-04-12 21:26:55:652  [TID 1524    ][WARNING   ] dotEnv: Missed dotEnv file C:\Users\amanc\OneDrive\Documentos\GitHub\TCC-IMPACTA\Back-end\DMVC\project\Win32\Release\.env.test [dmvcframework]
2025-04-12 21:26:55:652  [TID 1524    ][WARNING   ] dotEnv: Missed dotEnv file C:\Users\amanc\OneDrive\Documentos\GitHub\TCC-IMPACTA\Back-end\DMVC\project\Win32\Release\.env.prod [dmvcframework]
2025-04-12 21:28:15:273  [TID 548     ][INFO      ] Default Logger initialized [dmvcframework]
2025-04-12 21:28:15:273  [TID 548     ][WARNING   ] dotEnv: Path = C:\Users\amanc\OneDrive\Documentos\GitHub\TCC-IMPACTA\Back-end\DMVC\project\Win32\Release [dmvcframework]
2025-04-12 21:28:15:273  [TID 548     ][WARNING   ] dotEnv: Active profile/s priority = [default,test,prod] [dmvcframework]
2025-04-12 21:28:15:274  [TID 548     ][WARNING   ] dotEnv: Missed dotEnv file C:\Users\amanc\OneDrive\Documentos\GitHub\TCC-IMPACTA\Back-end\DMVC\project\Win32\Release\.env [dmvcframework]
2025-04-12 21:28:15:274  [TID 548     ][WARNING   ] dotEnv: Missed dotEnv file C:\Users\amanc\OneDrive\Documentos\GitHub\TCC-IMPACTA\Back-end\DMVC\project\Win32\Release\.env.test [dmvcframework]
2025-04-12 21:28:15:274  [TID 548     ][WARNING   ] dotEnv: Missed dotEnv file C:\Users\amanc\OneDrive\Documentos\GitHub\TCC-IMPACTA\Back-end\DMVC\project\Win32\Release\.env.prod [dmvcframework]
2025-04-12 21:28:17:904  [TID 14972   ][INFO      ] ENTER: Config default values [dmvcframework]
2025-04-12 21:28:17:904  [TID 14972   ][INFO      ] EXIT: Config default values [dmvcframework]
2025-04-12 21:28:17:904  [TID 14972   ][INFO      ] >> Custom configuration method [dmvcframework]
2025-04-12 21:28:17:904  [TID 14972   ][INFO      ] << Custom configuration method [dmvcframework]
2025-04-12 21:28:17:904  [TID 14972   ][INFO      ] ENTER: LoadSystemControllers [dmvcframework]
2025-04-12 21:28:17:904  [TID 14972   ][INFO      ] EXIT: LoadSystemControllers [dmvcframework]
2025-04-12 21:28:19:595  [TID 14972   ][INFO      ] POST:/api/perguntar [127.0.0.1] -> Controller.Customer.TCustomer.CreateAPIDados - 200 OK [dmvcframework]
2025-04-12 21:28:34:568  [TID 14972   ][INFO      ] POST:/api/perguntar [127.0.0.1] -> Controller.Customer.TCustomer.CreateAPIDados - 200 OK [dmvcframework]
