2025-02-14 10:14:08:508  [TID 14340   ][INFO      ] Default Logger initialized [dmvcframework]
2025-02-14 10:14:08:508  [TID 14340   ][WARNING   ] dotEnv: Path = C:\Users\amanc\OneDrive\Documentos\GitHub\TCC-IMPACTA\Back-end\DMVC\project\Win32\Debug [dmvcframework]
2025-02-14 10:14:08:508  [TID 14340   ][WARNING   ] dotEnv: Active profile/s priority = [default,test,prod] [dmvcframework]
2025-02-14 10:14:08:513  [TID 14340   ][WARNING   ] dotEnv: Missed dotEnv file C:\Users\amanc\OneDrive\Documentos\GitHub\TCC-IMPACTA\Back-end\DMVC\project\Win32\Debug\.env [dmvcframework]
2025-02-14 10:14:08:513  [TID 14340   ][WARNING   ] dotEnv: Missed dotEnv file C:\Users\amanc\OneDrive\Documentos\GitHub\TCC-IMPACTA\Back-end\DMVC\project\Win32\Debug\.env.test [dmvcframework]
2025-02-14 10:14:08:513  [TID 14340   ][WARNING   ] dotEnv: Missed dotEnv file C:\Users\amanc\OneDrive\Documentos\GitHub\TCC-IMPACTA\Back-end\DMVC\project\Win32\Debug\.env.prod [dmvcframework]
2025-02-14 10:14:34:623  [TID 14580   ][INFO      ] ENTER: Config default values [dmvcframework]
2025-02-14 10:14:34:623  [TID 14580   ][INFO      ] EXIT: Config default values [dmvcframework]
2025-02-14 10:14:34:623  [TID 14580   ][INFO      ] >> Custom configuration method [dmvcframework]
2025-02-14 10:14:34:623  [TID 14580   ][INFO      ] << Custom configuration method [dmvcframework]
2025-02-14 10:14:34:623  [TID 14580   ][INFO      ] ENTER: LoadSystemControllers [dmvcframework]
2025-02-14 10:14:34:623  [TID 14580   ][INFO      ] EXIT: LoadSystemControllers [dmvcframework]
2025-02-14 10:14:36:978  [TID 14580   ][ERROR     ] [EAccessViolation] Access violation at address 00A24D8B in module 'prjAPI.exe'. Read of address 0002666C [PathInfo "GET /api/people"] (Custom message: "Global Action Exception Handler") [dmvcframework]
2025-02-14 10:14:37:112  [TID 14580   ][INFO      ] GET:/favicon.ico [127.0.0.1] -> {NOT FOUND} - 404 Not Found [dmvcframework]
2025-02-14 10:14:46:505  [TID 14580   ][ERROR     ] [EMVCException] Not Found [PathInfo "GET /favicon.ico"] (Custom message: "GET /favicon.ico") [dmvcframework]
2025-02-14 10:25:58:657  [TID 2124    ][INFO      ] Default Logger initialized [dmvcframework]
2025-02-14 10:25:58:657  [TID 2124    ][WARNING   ] dotEnv: Path = C:\Users\amanc\OneDrive\Documentos\GitHub\TCC-IMPACTA\Back-end\DMVC\project\Win32\Debug [dmvcframework]
2025-02-14 10:25:58:657  [TID 2124    ][WARNING   ] dotEnv: Active profile/s priority = [default,test,prod] [dmvcframework]
2025-02-14 10:25:58:657  [TID 2124    ][WARNING   ] dotEnv: Missed dotEnv file C:\Users\amanc\OneDrive\Documentos\GitHub\TCC-IMPACTA\Back-end\DMVC\project\Win32\Debug\.env [dmvcframework]
2025-02-14 10:25:58:657  [TID 2124    ][WARNING   ] dotEnv: Missed dotEnv file C:\Users\amanc\OneDrive\Documentos\GitHub\TCC-IMPACTA\Back-end\DMVC\project\Win32\Debug\.env.test [dmvcframework]
2025-02-14 10:25:58:660  [TID 2124    ][WARNING   ] dotEnv: Missed dotEnv file C:\Users\amanc\OneDrive\Documentos\GitHub\TCC-IMPACTA\Back-end\DMVC\project\Win32\Debug\.env.prod [dmvcframework]
2025-02-14 10:26:02:230  [TID 15084   ][INFO      ] ENTER: Config default values [dmvcframework]
2025-02-14 10:26:02:230  [TID 15084   ][INFO      ] EXIT: Config default values [dmvcframework]
2025-02-14 10:26:02:230  [TID 15084   ][INFO      ] >> Custom configuration method [dmvcframework]
2025-02-14 10:26:02:230  [TID 15084   ][INFO      ] << Custom configuration method [dmvcframework]
2025-02-14 10:26:02:230  [TID 15084   ][INFO      ] ENTER: LoadSystemControllers [dmvcframework]
2025-02-14 10:26:02:230  [TID 15084   ][INFO      ] EXIT: LoadSystemControllers [dmvcframework]
2025-02-14 10:26:04:028  [TID 15084   ][ERROR     ] [EInvalidPointer] Invalid pointer operation [PathInfo "GET /api/people"] (Custom message: "Global Action Exception Handler") [dmvcframework]
2025-02-14 10:26:04:111  [TID 15084   ][INFO      ] GET:/favicon.ico [127.0.0.1] -> {NOT FOUND} - 404 Not Found [dmvcframework]
2025-02-14 10:26:05:151  [TID 15084   ][ERROR     ] [EMVCException] Not Found [PathInfo "GET /favicon.ico"] (Custom message: "GET /favicon.ico") [dmvcframework]
2025-02-14 10:27:26:053  [TID 2736    ][INFO      ] Default Logger initialized [dmvcframework]
2025-02-14 10:27:26:053  [TID 2736    ][WARNING   ] dotEnv: Path = C:\Users\amanc\OneDrive\Documentos\GitHub\TCC-IMPACTA\Back-end\DMVC\project\Win32\Debug [dmvcframework]
2025-02-14 10:27:26:053  [TID 2736    ][WARNING   ] dotEnv: Active profile/s priority = [default,test,prod] [dmvcframework]
2025-02-14 10:27:26:053  [TID 2736    ][WARNING   ] dotEnv: Missed dotEnv file C:\Users\amanc\OneDrive\Documentos\GitHub\TCC-IMPACTA\Back-end\DMVC\project\Win32\Debug\.env [dmvcframework]
2025-02-14 10:27:26:053  [TID 2736    ][WARNING   ] dotEnv: Missed dotEnv file C:\Users\amanc\OneDrive\Documentos\GitHub\TCC-IMPACTA\Back-end\DMVC\project\Win32\Debug\.env.test [dmvcframework]
2025-02-14 10:27:26:056  [TID 2736    ][WARNING   ] dotEnv: Missed dotEnv file C:\Users\amanc\OneDrive\Documentos\GitHub\TCC-IMPACTA\Back-end\DMVC\project\Win32\Debug\.env.prod [dmvcframework]
2025-02-14 10:27:26:848  [TID 3048    ][INFO      ] ENTER: Config default values [dmvcframework]
2025-02-14 10:27:26:848  [TID 3048    ][INFO      ] EXIT: Config default values [dmvcframework]
2025-02-14 10:27:26:848  [TID 3048    ][INFO      ] >> Custom configuration method [dmvcframework]
2025-02-14 10:27:26:848  [TID 3048    ][INFO      ] << Custom configuration method [dmvcframework]
2025-02-14 10:27:26:848  [TID 3048    ][INFO      ] ENTER: LoadSystemControllers [dmvcframework]
2025-02-14 10:27:26:848  [TID 3048    ][INFO      ] EXIT: LoadSystemControllers [dmvcframework]
2025-02-14 10:27:26:849  [TID 3048    ][INFO      ] GET:/api/people [127.0.0.1] -> Controller.Customer.TCustomer.GetPeople - 200 OK [dmvcframework]
2025-02-14 10:27:26:879  [TID 3048    ][INFO      ] GET:/favicon.ico [127.0.0.1] -> {NOT FOUND} - 404 Not Found [dmvcframework]
2025-02-14 10:27:28:787  [TID 3048    ][ERROR     ] [EMVCException] Not Found [PathInfo "GET /favicon.ico"] (Custom message: "GET /favicon.ico") [dmvcframework]
2025-02-14 15:20:16:214  [TID 5824    ][INFO      ] Default Logger initialized [dmvcframework]
2025-02-14 15:20:16:214  [TID 5824    ][WARNING   ] dotEnv: Path = C:\Users\amanc\OneDrive\Documentos\GitHub\TCC-IMPACTA\Back-end\DMVC\project\Win32\Debug [dmvcframework]
2025-02-14 15:20:16:216  [TID 5824    ][WARNING   ] dotEnv: Active profile/s priority = [default,test,prod] [dmvcframework]
2025-02-14 15:20:16:216  [TID 5824    ][WARNING   ] dotEnv: Missed dotEnv file C:\Users\amanc\OneDrive\Documentos\GitHub\TCC-IMPACTA\Back-end\DMVC\project\Win32\Debug\.env [dmvcframework]
2025-02-14 15:20:16:216  [TID 5824    ][WARNING   ] dotEnv: Missed dotEnv file C:\Users\amanc\OneDrive\Documentos\GitHub\TCC-IMPACTA\Back-end\DMVC\project\Win32\Debug\.env.test [dmvcframework]
2025-02-14 15:20:16:224  [TID 5824    ][WARNING   ] dotEnv: Missed dotEnv file C:\Users\amanc\OneDrive\Documentos\GitHub\TCC-IMPACTA\Back-end\DMVC\project\Win32\Debug\.env.prod [dmvcframework]
2025-02-14 15:20:21:322  [TID 7564    ][INFO      ] ENTER: Config default values [dmvcframework]
2025-02-14 15:20:21:322  [TID 7564    ][INFO      ] EXIT: Config default values [dmvcframework]
2025-02-14 15:20:21:322  [TID 7564    ][INFO      ] >> Custom configuration method [dmvcframework]
2025-02-14 15:20:21:322  [TID 7564    ][INFO      ] << Custom configuration method [dmvcframework]
2025-02-14 15:20:21:322  [TID 7564    ][INFO      ] ENTER: LoadSystemControllers [dmvcframework]
2025-02-14 15:20:21:322  [TID 7564    ][INFO      ] EXIT: LoadSystemControllers [dmvcframework]
2025-02-14 15:20:21:323  [TID 7564    ][INFO      ] GET:/api/people [127.0.0.1] -> Controller.Customer.TCustomer.GetPeople - 200 OK [dmvcframework]
2025-02-14 15:20:21:471  [TID 7564    ][INFO      ] GET:/favicon.ico [127.0.0.1] -> {NOT FOUND} - 404 Not Found [dmvcframework]
2025-02-14 15:20:23:710  [TID 7564    ][ERROR     ] [EMVCException] Not Found [PathInfo "GET /favicon.ico"] (Custom message: "GET /favicon.ico") [dmvcframework]
2025-02-14 15:20:28:392  [TID 4468    ][INFO      ] GET:/api/people [127.0.0.1] -> Controller.Customer.TCustomer.GetPeople - 200 OK [dmvcframework]
2025-02-14 15:20:28:437  [TID 4468    ][INFO      ] GET:/favicon.ico [127.0.0.1] -> {NOT FOUND} - 404 Not Found [dmvcframework]
2025-02-14 15:20:44:522  [TID 4468    ][ERROR     ] [EMVCException] Not Found [PathInfo "GET /favicon.ico"] (Custom message: "GET /favicon.ico") [dmvcframework]
2025-02-14 15:22:31:059  [TID 4564    ][INFO      ] Default Logger initialized [dmvcframework]
2025-02-14 15:22:31:059  [TID 4564    ][WARNING   ] dotEnv: Path = C:\Users\amanc\OneDrive\Documentos\GitHub\TCC-IMPACTA\Back-end\DMVC\project\Win32\Debug [dmvcframework]
2025-02-14 15:22:31:059  [TID 4564    ][WARNING   ] dotEnv: Active profile/s priority = [default,test,prod] [dmvcframework]
2025-02-14 15:22:31:059  [TID 4564    ][WARNING   ] dotEnv: Missed dotEnv file C:\Users\amanc\OneDrive\Documentos\GitHub\TCC-IMPACTA\Back-end\DMVC\project\Win32\Debug\.env [dmvcframework]
2025-02-14 15:22:31:059  [TID 4564    ][WARNING   ] dotEnv: Missed dotEnv file C:\Users\amanc\OneDrive\Documentos\GitHub\TCC-IMPACTA\Back-end\DMVC\project\Win32\Debug\.env.test [dmvcframework]
2025-02-14 15:22:31:059  [TID 4564    ][WARNING   ] dotEnv: Missed dotEnv file C:\Users\amanc\OneDrive\Documentos\GitHub\TCC-IMPACTA\Back-end\DMVC\project\Win32\Debug\.env.prod [dmvcframework]
2025-02-14 15:24:33:701  [TID 14008   ][INFO      ] Default Logger initialized [dmvcframework]
2025-02-14 15:24:33:701  [TID 14008   ][WARNING   ] dotEnv: Path = C:\Users\amanc\OneDrive\Documentos\GitHub\TCC-IMPACTA\Back-end\DMVC\project\Win32\Debug [dmvcframework]
2025-02-14 15:24:33:708  [TID 14008   ][WARNING   ] dotEnv: Active profile/s priority = [default,test,prod] [dmvcframework]
2025-02-14 15:24:33:709  [TID 14008   ][WARNING   ] dotEnv: Missed dotEnv file C:\Users\amanc\OneDrive\Documentos\GitHub\TCC-IMPACTA\Back-end\DMVC\project\Win32\Debug\.env [dmvcframework]
2025-02-14 15:24:33:714  [TID 14008   ][WARNING   ] dotEnv: Missed dotEnv file C:\Users\amanc\OneDrive\Documentos\GitHub\TCC-IMPACTA\Back-end\DMVC\project\Win32\Debug\.env.test [dmvcframework]
2025-02-14 15:24:33:723  [TID 14008   ][WARNING   ] dotEnv: Missed dotEnv file C:\Users\amanc\OneDrive\Documentos\GitHub\TCC-IMPACTA\Back-end\DMVC\project\Win32\Debug\.env.prod [dmvcframework]
2025-02-14 15:26:55:264  [TID 15972   ][INFO      ] ENTER: Config default values [dmvcframework]
2025-02-14 15:26:55:264  [TID 15972   ][INFO      ] EXIT: Config default values [dmvcframework]
2025-02-14 15:26:55:264  [TID 15972   ][INFO      ] >> Custom configuration method [dmvcframework]
2025-02-14 15:26:55:264  [TID 15972   ][INFO      ] << Custom configuration method [dmvcframework]
2025-02-14 15:26:55:267  [TID 15972   ][INFO      ] ENTER: LoadSystemControllers [dmvcframework]
2025-02-14 15:26:55:267  [TID 15972   ][INFO      ] EXIT: LoadSystemControllers [dmvcframework]
2025-02-14 15:27:05:247  [TID 15972   ][ERROR     ] [EInvalidPointer] Invalid pointer operation [PathInfo "POST /api/people"] (Custom message: "Global Action Exception Handler") [dmvcframework]
2025-02-14 15:27:56:396  [TID 324     ][INFO      ] Default Logger initialized [dmvcframework]
2025-02-14 15:27:56:397  [TID 324     ][WARNING   ] dotEnv: Path = C:\Users\amanc\OneDrive\Documentos\GitHub\TCC-IMPACTA\Back-end\DMVC\project\Win32\Debug [dmvcframework]
2025-02-14 15:27:56:397  [TID 324     ][WARNING   ] dotEnv: Active profile/s priority = [default,test,prod] [dmvcframework]
2025-02-14 15:27:56:397  [TID 324     ][WARNING   ] dotEnv: Missed dotEnv file C:\Users\amanc\OneDrive\Documentos\GitHub\TCC-IMPACTA\Back-end\DMVC\project\Win32\Debug\.env [dmvcframework]
2025-02-14 15:27:56:397  [TID 324     ][WARNING   ] dotEnv: Missed dotEnv file C:\Users\amanc\OneDrive\Documentos\GitHub\TCC-IMPACTA\Back-end\DMVC\project\Win32\Debug\.env.test [dmvcframework]
2025-02-14 15:27:56:401  [TID 324     ][WARNING   ] dotEnv: Missed dotEnv file C:\Users\amanc\OneDrive\Documentos\GitHub\TCC-IMPACTA\Back-end\DMVC\project\Win32\Debug\.env.prod [dmvcframework]
2025-02-14 15:28:00:829  [TID 4760    ][INFO      ] ENTER: Config default values [dmvcframework]
2025-02-14 15:28:00:829  [TID 4760    ][INFO      ] EXIT: Config default values [dmvcframework]
2025-02-14 15:28:00:829  [TID 4760    ][INFO      ] >> Custom configuration method [dmvcframework]
2025-02-14 15:28:00:829  [TID 4760    ][INFO      ] << Custom configuration method [dmvcframework]
2025-02-14 15:28:00:829  [TID 4760    ][INFO      ] ENTER: LoadSystemControllers [dmvcframework]
2025-02-14 15:28:00:829  [TID 4760    ][INFO      ] EXIT: LoadSystemControllers [dmvcframework]
2025-02-14 15:28:05:740  [TID 4760    ][ERROR     ] [EInvalidPointer] Invalid pointer operation [PathInfo "POST /api/people"] (Custom message: "Global Action Exception Handler") [dmvcframework]
2025-02-14 15:28:39:600  [TID 4760    ][ERROR     ] [EInvalidPointer] Invalid pointer operation [PathInfo "POST /api/people"] (Custom message: "Global Action Exception Handler") [dmvcframework]
2025-02-14 15:29:46:626  [TID 8996    ][INFO      ] Default Logger initialized [dmvcframework]
2025-02-14 15:29:46:626  [TID 8996    ][WARNING   ] dotEnv: Path = C:\Users\amanc\OneDrive\Documentos\GitHub\TCC-IMPACTA\Back-end\DMVC\project\Win32\Debug [dmvcframework]
2025-02-14 15:29:46:626  [TID 8996    ][WARNING   ] dotEnv: Active profile/s priority = [default,test,prod] [dmvcframework]
2025-02-14 15:29:46:626  [TID 8996    ][WARNING   ] dotEnv: Missed dotEnv file C:\Users\amanc\OneDrive\Documentos\GitHub\TCC-IMPACTA\Back-end\DMVC\project\Win32\Debug\.env [dmvcframework]
2025-02-14 15:29:46:626  [TID 8996    ][WARNING   ] dotEnv: Missed dotEnv file C:\Users\amanc\OneDrive\Documentos\GitHub\TCC-IMPACTA\Back-end\DMVC\project\Win32\Debug\.env.test [dmvcframework]
2025-02-14 15:29:46:629  [TID 8996    ][WARNING   ] dotEnv: Missed dotEnv file C:\Users\amanc\OneDrive\Documentos\GitHub\TCC-IMPACTA\Back-end\DMVC\project\Win32\Debug\.env.prod [dmvcframework]
2025-02-14 15:29:49:894  [TID 15400   ][INFO      ] ENTER: Config default values [dmvcframework]
2025-02-14 15:29:49:894  [TID 15400   ][INFO      ] EXIT: Config default values [dmvcframework]
2025-02-14 15:29:49:894  [TID 15400   ][INFO      ] >> Custom configuration method [dmvcframework]
2025-02-14 15:29:49:894  [TID 15400   ][INFO      ] << Custom configuration method [dmvcframework]
2025-02-14 15:29:49:894  [TID 15400   ][INFO      ] ENTER: LoadSystemControllers [dmvcframework]
2025-02-14 15:29:49:894  [TID 15400   ][INFO      ] EXIT: LoadSystemControllers [dmvcframework]
2025-02-14 15:29:53:904  [TID 15400   ][INFO      ] POST:/api/people [0:0:0:0:0:0:0:1] -> Controller.Customer.TCustomer.CreatePerson - 200 OK [dmvcframework]
