2025-02-15 18:21:38:335  [TID 9656    ][INFO      ] Default Logger initialized [dmvcframework]
2025-02-15 18:21:38:335  [TID 9656    ][WARNING   ] dotEnv: Path = C:\Users\amanc\OneDrive\Documentos\GitHub\TCC-IMPACTA\Back-end\API-Release [dmvcframework]
2025-02-15 18:21:38:335  [TID 9656    ][WARNING   ] dotEnv: Active profile/s priority = [default,test,prod] [dmvcframework]
2025-02-15 18:21:38:335  [TID 9656    ][WARNING   ] dotEnv: Missed dotEnv file C:\Users\amanc\OneDrive\Documentos\GitHub\TCC-IMPACTA\Back-end\API-Release\.env [dmvcframework]
2025-02-15 18:21:38:335  [TID 9656    ][WARNING   ] dotEnv: Missed dotEnv file C:\Users\amanc\OneDrive\Documentos\GitHub\TCC-IMPACTA\Back-end\API-Release\.env.test [dmvcframework]
2025-02-15 18:21:38:335  [TID 9656    ][WARNING   ] dotEnv: Missed dotEnv file C:\Users\amanc\OneDrive\Documentos\GitHub\TCC-IMPACTA\Back-end\API-Release\.env.prod [dmvcframework]
2025-02-15 18:55:03:355  [TID 16204   ][INFO      ] Default Logger initialized [dmvcframework]
2025-02-15 18:55:03:355  [TID 16204   ][WARNING   ] dotEnv: Path = C:\Users\amanc\OneDrive\Documentos\GitHub\TCC-IMPACTA\Back-end\API-Release [dmvcframework]
2025-02-15 18:55:03:355  [TID 16204   ][WARNING   ] dotEnv: Active profile/s priority = [default,test,prod] [dmvcframework]
2025-02-15 18:55:03:355  [TID 16204   ][WARNING   ] dotEnv: Missed dotEnv file C:\Users\amanc\OneDrive\Documentos\GitHub\TCC-IMPACTA\Back-end\API-Release\.env [dmvcframework]
2025-02-15 18:55:03:355  [TID 16204   ][WARNING   ] dotEnv: Missed dotEnv file C:\Users\amanc\OneDrive\Documentos\GitHub\TCC-IMPACTA\Back-end\API-Release\.env.test [dmvcframework]
2025-02-15 18:55:03:355  [TID 16204   ][WARNING   ] dotEnv: Missed dotEnv file C:\Users\amanc\OneDrive\Documentos\GitHub\TCC-IMPACTA\Back-end\API-Release\.env.prod [dmvcframework]
2025-02-15 18:59:40:771  [TID 6420    ][INFO      ] ENTER: Config default values [dmvcframework]
2025-02-15 18:59:40:771  [TID 6420    ][INFO      ] EXIT: Config default values [dmvcframework]
2025-02-15 18:59:40:771  [TID 6420    ][INFO      ] >> Custom configuration method [dmvcframework]
2025-02-15 18:59:40:771  [TID 6420    ][INFO      ] << Custom configuration method [dmvcframework]
2025-02-15 18:59:40:771  [TID 6420    ][INFO      ] ENTER: LoadSystemControllers [dmvcframework]
2025-02-15 18:59:40:771  [TID 6420    ][INFO      ] EXIT: LoadSystemControllers [dmvcframework]
2025-02-15 18:59:42:401  [TID 6420    ][INFO      ] POST:/api/perguntar [0:0:0:0:0:0:0:1] -> Controller.Customer.TCustomer.CreateAPIDados - 200 OK [dmvcframework]
2025-02-18 22:14:17:532  [TID 11360   ][INFO      ] Default Logger initialized [dmvcframework]
2025-02-18 22:14:17:532  [TID 11360   ][WARNING   ] dotEnv: Path = C:\Users\amanc\OneDrive\Documentos\GitHub\TCC-IMPACTA\Back-end\API-Release [dmvcframework]
2025-02-18 22:14:17:532  [TID 11360   ][WARNING   ] dotEnv: Active profile/s priority = [default,test,prod] [dmvcframework]
2025-02-18 22:14:17:532  [TID 11360   ][WARNING   ] dotEnv: Missed dotEnv file C:\Users\amanc\OneDrive\Documentos\GitHub\TCC-IMPACTA\Back-end\API-Release\.env [dmvcframework]
2025-02-18 22:14:17:532  [TID 11360   ][WARNING   ] dotEnv: Missed dotEnv file C:\Users\amanc\OneDrive\Documentos\GitHub\TCC-IMPACTA\Back-end\API-Release\.env.test [dmvcframework]
2025-02-18 22:14:17:532  [TID 11360   ][WARNING   ] dotEnv: Missed dotEnv file C:\Users\amanc\OneDrive\Documentos\GitHub\TCC-IMPACTA\Back-end\API-Release\.env.prod [dmvcframework]
2025-02-18 22:15:29:798  [TID 16244   ][INFO      ] ENTER: Config default values [dmvcframework]
2025-02-18 22:15:29:798  [TID 16244   ][INFO      ] EXIT: Config default values [dmvcframework]
2025-02-18 22:15:29:798  [TID 16244   ][INFO      ] >> Custom configuration method [dmvcframework]
2025-02-18 22:15:29:798  [TID 16244   ][INFO      ] << Custom configuration method [dmvcframework]
2025-02-18 22:15:29:798  [TID 16244   ][INFO      ] ENTER: LoadSystemControllers [dmvcframework]
2025-02-18 22:15:29:798  [TID 16244   ][INFO      ] EXIT: LoadSystemControllers [dmvcframework]
2025-02-18 22:15:39:790  [TID 16244   ][INFO      ] POST:/api/perguntar [0:0:0:0:0:0:0:1] -> Controller.Customer.TCustomer.CreateAPIDados - 200 OK [dmvcframework]
2025-02-18 22:16:23:070  [TID 16244   ][INFO      ] POST:/api/perguntar [0:0:0:0:0:0:0:1] -> Controller.Customer.TCustomer.CreateAPIDados - 200 OK [dmvcframework]
2025-02-18 22:23:40:120  [TID 16248   ][INFO      ] GET:/ [190.8.28.230] -> {NOT FOUND} - 404 Not Found [dmvcframework]
2025-02-18 22:23:40:120  [TID 16248   ][ERROR     ] [EMVCException] Not Found [PathInfo "GET /"] (Custom message: "GET /") [dmvcframework]
2025-02-18 22:23:40:198  [TID 9088    ][INFO      ] GET:/favicon.ico [190.8.28.230] -> {NOT FOUND} - 404 Not Found [dmvcframework]
2025-02-18 22:23:40:198  [TID 9088    ][ERROR     ] [EMVCException] Not Found [PathInfo "GET /favicon.ico"] (Custom message: "GET /favicon.ico") [dmvcframework]
2025-02-18 22:24:22:024  [TID 9980    ][INFO      ] GET:/ [187.121.94.69] -> {NOT FOUND} - 404 Not Found [dmvcframework]
2025-02-18 22:24:22:024  [TID 9980    ][ERROR     ] [EMVCException] Not Found [PathInfo "GET /"] (Custom message: "GET /") [dmvcframework]
2025-02-18 22:24:22:087  [TID 10892   ][INFO      ] GET:/favicon.ico [187.121.94.69] -> {NOT FOUND} - 404 Not Found [dmvcframework]
2025-02-18 22:24:22:087  [TID 10892   ][ERROR     ] [EMVCException] Not Found [PathInfo "GET /favicon.ico"] (Custom message: "GET /favicon.ico") [dmvcframework]
2025-02-18 22:25:07:998  [TID 13832   ][INFO      ] POST:/api/perguntar [187.121.94.69] -> Controller.Customer.TCustomer.CreateAPIDados - 200 OK [dmvcframework]
2025-02-18 22:29:22:212  [TID 5888    ][INFO      ] OPTIONS:/api/perguntar [187.121.94.69] -> {NOT FOUND} - 404 Not Found [dmvcframework]
2025-02-18 22:29:22:212  [TID 5888    ][ERROR     ] [EMVCException] Not Found [PathInfo "OPTIONS /api/perguntar"] (Custom message: "OPTIONS /api/perguntar") [dmvcframework]
2025-02-18 22:29:57:418  [TID 14720   ][INFO      ] OPTIONS:/api/perguntar [187.121.94.69] -> {NOT FOUND} - 404 Not Found [dmvcframework]
2025-02-18 22:29:57:418  [TID 14720   ][ERROR     ] [EMVCException] Not Found [PathInfo "OPTIONS /api/perguntar"] (Custom message: "OPTIONS /api/perguntar") [dmvcframework]
2025-02-18 22:31:40:623  [TID 8356    ][INFO      ] POST:/api/perguntar [187.121.94.69] -> Controller.Customer.TCustomer.CreateAPIDados - 200 OK [dmvcframework]
2025-02-18 22:32:13:995  [TID 8356    ][INFO      ] POST:/api/perguntar [187.121.94.69] -> Controller.Customer.TCustomer.CreateAPIDados - 200 OK [dmvcframework]
2025-02-18 22:32:22:885  [TID 2704    ][INFO      ] OPTIONS:/api/perguntar [187.121.94.69] -> {NOT FOUND} - 404 Not Found [dmvcframework]
2025-02-18 22:32:22:885  [TID 2704    ][ERROR     ] [EMVCException] Not Found [PathInfo "OPTIONS /api/perguntar"] (Custom message: "OPTIONS /api/perguntar") [dmvcframework]
2025-02-19 21:56:24:983  [TID 14768   ][INFO      ] Default Logger initialized [dmvcframework]
2025-02-19 21:56:24:983  [TID 14768   ][WARNING   ] dotEnv: Path = C:\Users\amanc\OneDrive\Documentos\GitHub\TCC-IMPACTA\Back-end\API-Release [dmvcframework]
2025-02-19 21:56:24:983  [TID 14768   ][WARNING   ] dotEnv: Active profile/s priority = [default,test,prod] [dmvcframework]
2025-02-19 21:56:24:983  [TID 14768   ][WARNING   ] dotEnv: Missed dotEnv file C:\Users\amanc\OneDrive\Documentos\GitHub\TCC-IMPACTA\Back-end\API-Release\.env [dmvcframework]
2025-02-19 21:56:24:983  [TID 14768   ][WARNING   ] dotEnv: Missed dotEnv file C:\Users\amanc\OneDrive\Documentos\GitHub\TCC-IMPACTA\Back-end\API-Release\.env.test [dmvcframework]
2025-02-19 21:56:24:983  [TID 14768   ][WARNING   ] dotEnv: Missed dotEnv file C:\Users\amanc\OneDrive\Documentos\GitHub\TCC-IMPACTA\Back-end\API-Release\.env.prod [dmvcframework]
2025-02-19 22:00:47:603  [TID 3856    ][INFO      ] ENTER: Config default values [dmvcframework]
2025-02-19 22:00:47:603  [TID 3856    ][INFO      ] EXIT: Config default values [dmvcframework]
2025-02-19 22:00:47:603  [TID 3856    ][INFO      ] >> Custom configuration method [dmvcframework]
2025-02-19 22:00:47:603  [TID 3856    ][INFO      ] << Custom configuration method [dmvcframework]
2025-02-19 22:00:47:603  [TID 3856    ][INFO      ] ENTER: LoadSystemControllers [dmvcframework]
2025-02-19 22:00:47:603  [TID 3856    ][INFO      ] EXIT: LoadSystemControllers [dmvcframework]
2025-02-19 22:00:49:864  [TID 3856    ][INFO      ] POST:/api/perguntar [0:0:0:0:0:0:0:1] -> Controller.Customer.TCustomer.CreateAPIDados - 200 OK [dmvcframework]
2025-04-12 14:04:28:354  [TID 792     ][INFO      ] Default Logger initialized [dmvcframework]
2025-04-12 14:04:28:354  [TID 792     ][WARNING   ] dotEnv: Path = C:\Users\amanc\OneDrive\Documentos\GitHub\TCC-IMPACTA\Back-end\API-Release [dmvcframework]
2025-04-12 14:04:28:354  [TID 792     ][WARNING   ] dotEnv: Active profile/s priority = [default,test,prod] [dmvcframework]
2025-04-12 14:04:28:354  [TID 792     ][WARNING   ] dotEnv: Missed dotEnv file C:\Users\amanc\OneDrive\Documentos\GitHub\TCC-IMPACTA\Back-end\API-Release\.env [dmvcframework]
2025-04-12 14:04:28:354  [TID 792     ][WARNING   ] dotEnv: Missed dotEnv file C:\Users\amanc\OneDrive\Documentos\GitHub\TCC-IMPACTA\Back-end\API-Release\.env.test [dmvcframework]
2025-04-12 14:04:28:354  [TID 792     ][WARNING   ] dotEnv: Missed dotEnv file C:\Users\amanc\OneDrive\Documentos\GitHub\TCC-IMPACTA\Back-end\API-Release\.env.prod [dmvcframework]
2025-04-12 21:27:29:511  [TID 15908   ][INFO      ] Default Logger initialized [dmvcframework]
2025-04-12 21:27:29:511  [TID 15908   ][WARNING   ] dotEnv: Path = C:\Users\amanc\OneDrive\Documentos\GitHub\TCC-IMPACTA\Back-end\API-Release [dmvcframework]
2025-04-12 21:27:29:511  [TID 15908   ][WARNING   ] dotEnv: Active profile/s priority = [default,test,prod] [dmvcframework]
2025-04-12 21:27:29:511  [TID 15908   ][WARNING   ] dotEnv: Missed dotEnv file C:\Users\amanc\OneDrive\Documentos\GitHub\TCC-IMPACTA\Back-end\API-Release\.env [dmvcframework]
2025-04-12 21:27:29:511  [TID 15908   ][WARNING   ] dotEnv: Missed dotEnv file C:\Users\amanc\OneDrive\Documentos\GitHub\TCC-IMPACTA\Back-end\API-Release\.env.test [dmvcframework]
2025-04-12 21:27:29:511  [TID 15908   ][WARNING   ] dotEnv: Missed dotEnv file C:\Users\amanc\OneDrive\Documentos\GitHub\TCC-IMPACTA\Back-end\API-Release\.env.prod [dmvcframework]
2025-04-12 21:27:33:610  [TID 15072   ][INFO      ] ENTER: Config default values [dmvcframework]
2025-04-12 21:27:33:610  [TID 15072   ][INFO      ] EXIT: Config default values [dmvcframework]
2025-04-12 21:27:33:610  [TID 15072   ][INFO      ] >> Custom configuration method [dmvcframework]
2025-04-12 21:27:33:610  [TID 15072   ][INFO      ] << Custom configuration method [dmvcframework]
2025-04-12 21:27:33:610  [TID 15072   ][INFO      ] ENTER: LoadSystemControllers [dmvcframework]
2025-04-12 21:27:33:610  [TID 15072   ][INFO      ] EXIT: LoadSystemControllers [dmvcframework]
2025-04-12 21:27:35:130  [TID 15072   ][INFO      ] POST:/api/perguntar [127.0.0.1] -> Controller.Customer.TCustomer.CreateAPIDados - 200 OK [dmvcframework]
